
Showing logs for build [32mcb-kubecd-bdd-gh-1584443103-pr-9b5fj-1[0m stage [32mfrom-build-pack[0m and container [32mstep-credential-initializer-vkmll[0m
{"level":"warn","ts":1584444274.1312804,"logger":"fallback-logger","caller":"logging/config.go:69","msg":"Fetch GitHub commit ID from kodata failed: \"ref: refs/heads/0.8.0-**-support-backwards-incompats\" is not a valid GitHub commit ID"}
{"level":"info","ts":1584444274.1318803,"logger":"fallback-logger","caller":"creds-init/main.go:40","msg":"Credentials initialized."}

Showing logs for build [32mcb-kubecd-bdd-gh-1584443103-pr-9b5fj-1[0m stage [32mfrom-build-pack[0m and container [32mstep-working-dir-initializer-rgx9j[0m
{"level":"warn","ts":1584444275.052241,"logger":"fallback-logger","caller":"logging/config.go:69","msg":"Fetch GitHub commit ID from kodata failed: open /var/run/ko/HEAD: no such file or directory"}
{"level":"info","ts":1584444275.0564609,"logger":"fallback-logger","caller":"bash/main.go:64","msg":"Successfully executed command \"sh -c mkdir -p /workspace/source\"; output "}

Showing logs for build [32mcb-kubecd-bdd-gh-1584443103-pr-9b5fj-1[0m stage [32mfrom-build-pack[0m and container [32mstep-place-tools[0m

Showing logs for build [32mcb-kubecd-bdd-gh-1584443103-pr-9b5fj-1[0m stage [32mfrom-build-pack[0m and container [32mstep-git-source-cb-kubecd-bdd-gh-1584443103-pr-9b5fj-xqxp8[0m
{"level":"warn","ts":1584444282.4140186,"logger":"fallback-logger","caller":"logging/config.go:69","msg":"Fetch GitHub commit ID from kodata failed: \"ref: refs/heads/0.8.0-**-support-backwards-incompats\" is not a valid GitHub commit ID"}
{"level":"info","ts":1584444283.5261214,"logger":"fallback-logger","caller":"git/git.go:103","msg":"Successfully cloned https://github.com/cb-kubecd/bdd-gh-1584443103.git @ master in path /workspace/source"}

Showing logs for build [32mcb-kubecd-bdd-gh-1584443103-pr-9b5fj-1[0m stage [32mfrom-build-pack[0m and container [32mstep-git-merge[0m
Using SHAs from PULL_REFS=master:55a1908885f614769c639dd5e8d9d9fc58c7d16a,1:d0a6ed016eb3b1b558c8dd6cd6254231481c11ee
DEBUG: LC_ALL=C JX_LOG_LEVEL=error git fetch origin --unshallow d0a6ed016eb3b1b558c8dd6cd6254231481c11ee: 55a1908885f614769c639dd5e8d9d9fc58c7d16a:
DEBUG: ran git fetch --unshallow origin d0a6ed016eb3b1b558c8dd6cd6254231481c11ee: 55a1908885f614769c639dd5e8d9d9fc58c7d16a: in 
DEBUG: LC_ALL=C JX_LOG_LEVEL=error git branch
DEBUG: LC_ALL=C JX_LOG_LEVEL=error git checkout master
DEBUG: ran git checkout master in 
DEBUG: JX_LOG_LEVEL=error LC_ALL=C git reset --hard 55a1908885f614769c639dd5e8d9d9fc58c7d16a
DEBUG: ran git reset --hard 55a1908885f614769c639dd5e8d9d9fc58c7d16a in 
DEBUG: LC_ALL=C JX_LOG_LEVEL=error git clean -fd .
DEBUG: ran clean --force -d . in 
DEBUG: LC_ALL=C JX_LOG_LEVEL=error git merge d0a6ed016eb3b1b558c8dd6cd6254231481c11ee
DEBUG: ran git merge d0a6ed016eb3b1b558c8dd6cd6254231481c11ee in 
DEBUG: LC_ALL=C JX_LOG_LEVEL=error git log --format=%H%x1f%an%x1f%ae%x1f%cn%x1f%ce%x1f%s%n%b%x1e 55a1908885f614769c639dd5e8d9d9fc58c7d16a..HEAD
Merged SHA d0a6ed016eb3b1b558c8dd6cd6254231481c11ee with commit message 'My first PR commit' into base branch master

Showing logs for build [32mcb-kubecd-bdd-gh-1584443103-pr-9b5fj-1[0m stage [32mfrom-build-pack[0m and container [32mstep-build-make-linux[0m
CGO_ENABLED=0 GOOS=linux GOARCH=amd64 GO15VENDOREXPERIMENT=1 go build -ldflags '' -o bin/bdd-gh-1584443103 main.go

Showing logs for build [32mcb-kubecd-bdd-gh-1584443103-pr-9b5fj-1[0m stage [32mfrom-build-pack[0m and container [32mstep-build-container-build[0m
[36mINFO[0m[0000] No base image, nothing to extract            
[36mINFO[0m[0000] cmd: EXPOSE                                  
[36mINFO[0m[0000] Adding exposed port: 8080/tcp                
[36mINFO[0m[0000] Using files from context: [/workspace/source/bin] 
[36mINFO[0m[0000] Skipping unpacking as no commands require it. 
[36mINFO[0m[0000] Taking snapshot of full filesystem...        
[36mINFO[0m[0000] EXPOSE 8080                                  
[36mINFO[0m[0000] cmd: EXPOSE                                  
[36mINFO[0m[0000] Adding exposed port: 8080/tcp                
[36mINFO[0m[0000] No files changed in this command, skipping snapshotting. 
[36mINFO[0m[0000] ENTRYPOINT ["/bdd-gh-1584443103"]            
[36mINFO[0m[0000] No files changed in this command, skipping snapshotting. 
[36mINFO[0m[0000] Using files from context: [/workspace/source/bin] 
[36mINFO[0m[0000] COPY ./bin/ /                                
[36mINFO[0m[0000] Taking snapshot of files...                  
2020/03/17 11:24:59 pushed blob: sha256:42169988e2ade96f5c8b1243cffcba8d100b5da081cc3b6f6717c013fae09225
2020/03/17 11:25:00 pushed blob: sha256:5cb5b09d929aa68c4155f138508f55ad01980e80c12a425810d4c1b62656ff03
2020/03/17 11:25:01 gcr.io/jenkins-x-bdd3/bdd-gh-1584443103:0.0.0-SNAPSHOT-PR-1-1: digest: sha256:bc6b6124806fd507d88931b269666c5b2646ff1d9861155d6c6694d23312c0ef size: 428

Showing logs for build [32mcb-kubecd-bdd-gh-1584443103-pr-9b5fj-1[0m stage [32mfrom-build-pack[0m and container [32mstep-postbuild-post-build[0m
no CVE provider running in the current ** namespace so skip adding image to be analysed

Showing logs for build [32mcb-kubecd-bdd-gh-1584443103-pr-9b5fj-1[0m stage [32mfrom-build-pack[0m and container [32mstep-promote-make-preview[0m
sed -i -e "s/version:.*/version: 0.0.0-SNAPSHOT-PR-1-1/" Chart.yaml
sed -i -e "s/version:.*/version: 0.0.0-SNAPSHOT-PR-1-1/" ../*/Chart.yaml
sed -i -e "s|repository:.*|repository: gcr.io\/jenkins-x-bdd3\/bdd-gh-1584443103|" values.yaml
sed -i -e "s/tag:.*/tag: 0.0.0-SNAPSHOT-PR-1-1/" values.yaml
echo "  version: 0.0.0-SNAPSHOT-PR-1-1" >> requirements.yaml
** step helm build
WARNING: No $CHART_REPOSITORY defined so using the default value of: http://jenkins-x-chartmuseum:8080
Adding missing Helm repo: storage.googleapis.com https://storage.googleapis.com/chartmuseum.jenkins-x.io
WARNING: No secrets found on "helm/repos" due: reading the secret "helm/repos" from vault: no secret "helm/repos" not found in vault
Read credentials for https://storage.googleapis.com/chartmuseum.jenkins-x.io from vault helm/repos
Successfully added Helm repository storage.googleapis.com.
Adding missing Helm repo: jenkins-x-chartmuseum http://jenkins-x-chartmuseum:8080
WARNING: No secrets found on "helm/repos" due: reading the secret "helm/repos" from vault: no secret "helm/repos" not found in vault
Read credentials for http://jenkins-x-chartmuseum:8080 from vault helm/repos
Successfully added Helm repository jenkins-x-chartmuseum.
WARNING: No $CHART_REPOSITORY defined so using the default value of: http://jenkins-x-chartmuseum:8080
Adding missing Helm repo: chartmuseum.jenkins-x.io http://chartmuseum.jenkins-x.io
WARNING: No secrets found on "helm/repos" due: reading the secret "helm/repos" from vault: no secret "helm/repos" not found in vault
Read credentials for http://chartmuseum.jenkins-x.io from vault helm/repos
Successfully added Helm repository chartmuseum.jenkins-x.io.

Showing logs for build [32mcb-kubecd-bdd-gh-1584443103-pr-9b5fj-1[0m stage [32mfrom-build-pack[0m and container [32mstep-promote-jx-preview[0m
Creating a preview
Created environment cb-kubecd-bdd-gh-1584443103-pr-1
Namespace **-cb-kubecd-bdd-gh-1584443103-pr-1 created 
expose:
  Annotations:
    helm.sh/hook: post-install,post-upgrade
    helm.sh/hook-delete-policy: hook-succeeded
  config:
    domain: 35.241.189.30.nip.io
    exposer: Ingress
    http: "true"
preview:
  image:
    repository: gcr.io/jenkins-x-bdd3/bdd-gh-1584443103
    tag: 0.0.0-SNAPSHOT-PR-1-1

Updating PipelineActivities cb-kubecd-bdd-gh-1584443103-pr-1-1 which has status Running
WARNING: preview application http://bdd-gh-1584443103.**-cb-kubecd-bdd-gh-1584443103-pr-1.35.241.189.30.nip.io not available, error was 503 503 Service Temporarily Unavailable, delaying for: 1.089834185s
WARNING: preview application http://bdd-gh-1584443103.**-cb-kubecd-bdd-gh-1584443103-pr-1.35.241.189.30.nip.io not available, error was 503 503 Service Temporarily Unavailable, delaying for: 2.067017638s
Preview application is now available at: http://bdd-gh-1584443103.**-cb-kubecd-bdd-gh-1584443103-pr-1.35.241.189.30.nip.io
